<?xml version="1.0" encoding="UTF-8"?>
<!-- Generated by org.testng.reporters.JUnitXMLReporter -->
<testsuite ignored="1" hostname="DESKTOP-EQS02MH" failures="0" tests="1" name="chrome run" time="24.595" errors="0" timestamp="2023-07-04T10:43:19 IST">
  <testcase classname="org.jumia.vtiger.testScripts.TextCase_VtigerAutomate2" name="verifyImportLead" time="12.885"/>
  <testcase classname="org.jumia.vtiger.testScripts.TextCase_VtigerAutomate2" name="verifyCreateLead" time="0.0">
    <ignored/>
  </testcase> <!-- verifyCreateLead -->
</testsuite> <!-- chrome run -->
