<?xml version="1.0" encoding="UTF-8"?>
<!-- Generated by org.testng.reporters.JUnitXMLReporter -->
<testsuite ignored="2" hostname="DESKTOP-EQS02MH" failures="0" tests="5" name="firefox run" time="58.516" errors="0" timestamp="2023-07-01T11:36:45 IST">
  <testcase classname="org.jumia.vtiger.testScripts.TestScript" name="verifyCreateLead" time="5.178"/>
  <testcase classname="org.jumia.vtiger.testScripts.TestScript" name="verifyCreateLead" time="4.888"/>
  <testcase classname="org.jumia.vtiger.testScripts.TestScript" name="verifyCreateLead" time="4.673"/>
  <testcase classname="org.jumia.vtiger.testScripts.TestScript" name="verifyCreateLead" time="6.036"/>
  <testcase classname="org.jumia.vtiger.testScripts.TestScript" name="verifyCreateLead" time="9.278"/>
  <testcase classname="org.jumia.vtiger.testScripts.TestScript" name="verifyImportLead" time="0.0">
    <ignored/>
  </testcase> <!-- verifyImportLead -->
  <testcase classname="org.jumia.vtiger.testScripts.TestScript" name="verifyCreateCampaign" time="0.0">
    <ignored/>
  </testcase> <!-- verifyCreateCampaign -->
</testsuite> <!-- firefox run -->
