<?xml version="1.0" encoding="UTF-8"?>
<!-- Generated by org.testng.reporters.JUnitXMLReporter -->
<testsuite ignored="1" hostname="DESKTOP-NH8VQT3" failures="0" tests="1" name="Default test" time="54.173" errors="0" timestamp="2024-05-02T18:56:47 IST">
  <testcase classname="com.org.TestCases.ZapbookTest" name="scheduleTest" time="31.036"/>
  <testcase classname="com.org.TestCases.ZapbookTest" name="Zapbook" time="0.0">
    <ignored/>
  </testcase> <!-- Zapbook -->
</testsuite> <!-- Default test -->
