<?xml version="1.0" encoding="UTF-8"?>
<testng-results ignored="1" total="2" passed="1" failed="0" skipped="0">
  <reporter-output>
  </reporter-output>
  <suite started-at="2024-05-02T18:55:53 IST" name="Default suite" finished-at="2024-05-02T18:56:47 IST" duration-ms="54173">
    <groups>
    </groups>
    <test started-at="2024-05-02T18:55:53 IST" name="Default test" finished-at="2024-05-02T18:56:47 IST" duration-ms="54173">
      <class name="com.org.TestCases.ZapbookTest">
        <test-method is-config="true" signature="Setup()[pri:0, instance:com.org.TestCases.ZapbookTest@4c583ecf]" started-at="2024-05-02T18:55:53 IST" name="Setup" finished-at="2024-05-02T18:56:16 IST" duration-ms="23000" status="PASS">
          <reporter-output>
          </reporter-output>
        </test-method> <!-- Setup -->
        <test-method signature="scheduleTest()[pri:0, instance:com.org.TestCases.ZapbookTest@4c583ecf]" started-at="2024-05-02T18:56:16 IST" name="scheduleTest" finished-at="2024-05-02T18:56:47 IST" duration-ms="31036" status="PASS">
          <reporter-output>
          </reporter-output>
        </test-method> <!-- scheduleTest -->
      </class> <!-- com.org.TestCases.ZapbookTest -->
    </test> <!-- Default test -->
  </suite> <!-- Default suite -->
</testng-results>
